[2019-05-05 12:42:57,519 loginit.py info line:41 INFO:] [谷歌浏览器初始化完成:<selenium.webdriver.chrome.webdriver.WebDriver (session="43b0ce2bc7e67b43134a5f06e21f91c9")>]
[2019-05-05 12:42:59,595 loginit.py info line:41 INFO:] [测试URL：http://www.baidu.com]
[2019-05-05 12:42:59,703 loginit.py info line:41 INFO:] [设置窗口最大化]
[2019-05-05 12:43:02,707 loginit.py info line:41 INFO:] [testloginBaiDu方法开始]
[2019-05-05 12:43:02,708 loginit.py info line:41 INFO:] [初始化定位函数]
[2019-05-05 12:43:02,780 loginit.py info line:41 INFO:] [发现元素：kw]
[2019-05-05 12:43:03,197 loginit.py info line:41 INFO:] [输入内容：123456789]
[2019-05-05 12:43:07,201 loginit.py info line:41 INFO:] [执行完成，退出线程]
[2019-05-05 12:43:08,936 loginit.py info line:41 INFO:] [谷歌浏览器初始化完成:<selenium.webdriver.chrome.webdriver.WebDriver (session="afbcfd35e98433641b42e0419311ff4e")>]
[2019-05-05 12:43:13,535 loginit.py info line:41 INFO:] [测试URL：https://www.zhipin.com/]
[2019-05-05 12:43:13,642 loginit.py info line:41 INFO:] [设置窗口最大化]
[2019-05-05 12:43:18,378 loginit.py info line:41 INFO:] [谷歌浏览器初始化完成:<selenium.webdriver.chrome.webdriver.WebDriver (session="153a23d06826b377abe6c2ba04f031fd")>]
[2019-05-05 12:43:23,280 loginit.py info line:41 INFO:] [测试URL：https://www.zhipin.com/]
[2019-05-05 12:43:23,386 loginit.py info line:41 INFO:] [设置窗口最大化]
[2019-05-05 12:43:26,391 loginit.py info line:41 INFO:] [初始化定位函数]
[2019-05-05 12:43:27,721 loginit.py info line:41 INFO:] [发现元素：query]
[2019-05-05 12:43:29,596 loginit.py info line:41 INFO:] [初始化定位函数]
[2019-05-05 12:43:29,725 loginit.py info line:41 INFO:] [发现元素：//*[@class='search-form ']/form/button]
[2019-05-05 12:43:33,177 loginit.py info line:41 INFO:] [初始化定位函数]
[2019-05-05 12:43:33,424 loginit.py info line:41 INFO:] [发现元素：//*[@class='condition-box']/dl[1]/dd/a[4]]
[2019-05-05 12:43:37,718 loginit.py info line:41 INFO:] [初始化定位函数]
[2019-05-05 12:43:37,910 loginit.py info line:41 INFO:] [发现元素：//*[@class='ipt']]
[2019-05-05 12:43:39,449 loginit.py info line:41 INFO:] [初始化定位函数]
[2019-05-05 12:43:41,114 loginit.py info line:41 INFO:] [发现元素：//*[@class='filter-select-box']/div[1]//ul[1]/li[5]/a]
[2019-05-05 12:43:43,823 loginit.py info line:41 INFO:] [初始化定位函数]
[2019-05-05 12:43:44,233 loginit.py info line:41 INFO:] [发现元素：//*[@id='filter-box']/div/div[4]/div[2]/span/input]
[2019-05-05 12:43:45,872 loginit.py info line:41 INFO:] [初始化定位函数]
[2019-05-05 12:43:48,288 loginit.py info line:41 INFO:] [发现元素：//*[@class='filter-select-box']/div[2]/span[1]/div[1]/ul[1]/li[5]/a]
[2019-05-05 12:43:50,923 loginit.py info line:41 INFO:] [初始化定位函数]
[2019-05-05 12:43:51,159 loginit.py info line:41 INFO:] [发现元素：//*[@class='filter-select-box']/div[3]//input]
[2019-05-05 12:43:52,295 loginit.py info line:41 INFO:] [初始化定位函数]
[2019-05-05 12:43:54,790 loginit.py info line:41 INFO:] [发现元素：//*[@class='filter-select-box']/div[3]/span[1]/div[1]/ul/li[5]/a]
[2019-05-05 13:12:27,088 loginit.py info line:41 INFO:] [谷歌浏览器初始化完成:<selenium.webdriver.chrome.webdriver.WebDriver (session="1e3a8bfe7bcc0a9282521c7022315fdf")>]
[2019-05-05 13:12:29,031 loginit.py info line:41 INFO:] [测试URL：http://www.baidu.com]
[2019-05-05 13:12:29,138 loginit.py info line:41 INFO:] [设置窗口最大化]
[2019-05-05 13:12:32,142 loginit.py info line:41 INFO:] [testloginBaiDu方法开始]
[2019-05-05 13:12:32,143 loginit.py info line:41 INFO:] [初始化定位函数]
[2019-05-05 13:12:32,212 loginit.py info line:41 INFO:] [发现元素：kw]
[2019-05-05 13:12:32,624 loginit.py info line:41 INFO:] [输入内容：123456789]
[2019-05-05 13:12:36,626 loginit.py info line:41 INFO:] [执行完成，退出线程]
[2019-05-05 13:12:38,385 loginit.py info line:41 INFO:] [谷歌浏览器初始化完成:<selenium.webdriver.chrome.webdriver.WebDriver (session="68f8445e550d1d55759302dc44488d98")>]
[2019-05-05 13:12:42,849 loginit.py info line:41 INFO:] [测试URL：https://www.zhipin.com/]
[2019-05-05 13:12:42,959 loginit.py info line:41 INFO:] [设置窗口最大化]
[2019-05-05 13:12:47,703 loginit.py info line:41 INFO:] [谷歌浏览器初始化完成:<selenium.webdriver.chrome.webdriver.WebDriver (session="37ec7985248aaf0a13ee03df092af1dd")>]
[2019-05-05 13:12:51,858 loginit.py info line:41 INFO:] [测试URL：https://www.zhipin.com/]
[2019-05-05 13:12:51,965 loginit.py info line:41 INFO:] [设置窗口最大化]
[2019-05-05 13:12:54,970 loginit.py info line:41 INFO:] [初始化定位函数]
[2019-05-05 13:12:56,836 loginit.py info line:41 INFO:] [发现元素：query]
[2019-05-05 13:12:58,723 loginit.py info line:41 INFO:] [初始化定位函数]
[2019-05-05 13:12:58,834 loginit.py info line:41 INFO:] [发现元素：//*[@class='search-form ']/form/button]
[2019-05-05 13:13:02,111 loginit.py info line:41 INFO:] [初始化定位函数]
[2019-05-05 13:13:02,313 loginit.py info line:41 INFO:] [发现元素：//*[@class='condition-box']/dl[1]/dd/a[4]]
[2019-05-05 13:13:06,780 loginit.py info line:41 INFO:] [初始化定位函数]
[2019-05-05 13:13:07,044 loginit.py info line:41 INFO:] [发现元素：//*[@class='ipt']]
[2019-05-05 13:13:08,621 loginit.py info line:41 INFO:] [初始化定位函数]
[2019-05-05 13:13:10,782 loginit.py info line:41 INFO:] [发现元素：//*[@class='filter-select-box']/div[1]//ul[1]/li[5]/a]
[2019-05-05 13:13:13,866 loginit.py info line:41 INFO:] [初始化定位函数]
[2019-05-05 13:13:14,152 loginit.py info line:41 INFO:] [发现元素：//*[@id='filter-box']/div/div[4]/div[2]/span/input]
[2019-05-05 13:13:15,728 loginit.py info line:41 INFO:] [初始化定位函数]
[2019-05-05 13:13:18,265 loginit.py info line:41 INFO:] [发现元素：//*[@class='filter-select-box']/div[2]/span[1]/div[1]/ul[1]/li[5]/a]
[2019-05-05 13:13:21,195 loginit.py info line:41 INFO:] [初始化定位函数]
[2019-05-05 13:13:21,447 loginit.py info line:41 INFO:] [发现元素：//*[@class='filter-select-box']/div[3]//input]
[2019-05-05 13:13:22,653 loginit.py info line:41 INFO:] [初始化定位函数]
[2019-05-05 13:13:24,995 loginit.py info line:41 INFO:] [发现元素：//*[@class='filter-select-box']/div[3]/span[1]/div[1]/ul/li[5]/a]
[2019-05-05 15:20:19,847 loginit.py info line:41 INFO:] [谷歌浏览器初始化完成:<selenium.webdriver.chrome.webdriver.WebDriver (session="63401144158cb0fe9977178fce88af5a")>]
[2019-05-05 15:20:21,840 loginit.py info line:41 INFO:] [测试URL：http://www.baidu.com]
[2019-05-05 15:20:21,948 loginit.py info line:41 INFO:] [设置窗口最大化]
[2019-05-05 15:20:24,949 loginit.py info line:41 INFO:] [testloginBaiDu方法开始]
[2019-05-05 15:20:24,950 loginit.py info line:41 INFO:] [初始化定位函数]
[2019-05-05 15:20:25,017 loginit.py info line:41 INFO:] [发现元素：kw]
[2019-05-05 15:20:25,433 loginit.py info line:41 INFO:] [输入内容：123456789]
[2019-05-05 15:20:29,438 loginit.py info line:41 INFO:] [执行完成，退出线程]
[2019-05-05 15:20:31,208 loginit.py info line:41 INFO:] [谷歌浏览器初始化完成:<selenium.webdriver.chrome.webdriver.WebDriver (session="051452b034bbe094c30e9f8a8b8b03a4")>]
[2019-05-05 15:20:35,558 loginit.py info line:41 INFO:] [测试URL：https://www.zhipin.com/]
[2019-05-05 15:20:35,668 loginit.py info line:41 INFO:] [设置窗口最大化]
[2019-05-05 15:20:40,428 loginit.py info line:41 INFO:] [谷歌浏览器初始化完成:<selenium.webdriver.chrome.webdriver.WebDriver (session="e9776a40a57c168bb3ce5a35af3c75e8")>]
[2019-05-05 15:20:44,584 loginit.py info line:41 INFO:] [测试URL：https://www.zhipin.com/]
[2019-05-05 15:20:44,691 loginit.py info line:41 INFO:] [设置窗口最大化]
[2019-05-05 15:20:47,695 loginit.py info line:41 INFO:] [初始化定位函数]
[2019-05-05 15:20:49,625 loginit.py info line:41 INFO:] [发现元素：query]
[2019-05-05 15:20:51,544 loginit.py info line:41 INFO:] [发现元素：//*[@class='search-form ']/form/button]
[2019-05-05 15:20:55,522 loginit.py info line:41 INFO:] [发现元素：//*[@class='condition-box']/dl[1]/dd/a[4]]
[2019-05-05 15:21:00,242 loginit.py info line:41 INFO:] [发现元素：//*[@class='ipt']]
[2019-05-05 15:21:04,699 loginit.py info line:41 INFO:] [发现元素：//*[@class='filter-select-box']/div[1]//ul[1]/li[5]/a]
[2019-05-05 15:21:07,937 loginit.py info line:41 INFO:] [发现元素：//*[@id='filter-box']/div/div[4]/div[2]/span/input]
[2019-05-05 15:21:12,114 loginit.py info line:41 INFO:] [发现元素：//*[@class='filter-select-box']/div[2]/span[1]/div[1]/ul[1]/li[5]/a]
[2019-05-05 15:21:15,023 loginit.py info line:41 INFO:] [发现元素：//*[@class='filter-select-box']/div[3]//input]
[2019-05-05 15:21:19,719 loginit.py info line:41 INFO:] [发现元素：//*[@class='filter-select-box']/div[3]/span[1]/div[1]/ul/li[5]/a]
[2019-05-05 15:21:26,828 loginit.py info line:41 INFO:] [发现元素：//*[@class='filter-select-box']/div[4]/span/input[1]]
[2019-05-05 15:21:29,555 loginit.py info line:41 INFO:] [发现元素：//*[@id='filter-box']/div/div[4]/div[4]/span/div/ul/li[1]/a]
[2019-05-05 15:21:32,981 loginit.py info line:41 INFO:] [发现元素：//*[@class='filter-select-box']/div[5]/span[1]/input[1]]
[2019-05-05 15:21:38,207 loginit.py info line:41 INFO:] [发现元素：//*[@class='filter-select-box']/div[5]/span[1]/div[1]/ul[1]/li[1]/a]
[2019-05-05 15:28:50,401 loginit.py info line:41 INFO:] [谷歌浏览器初始化完成:<selenium.webdriver.chrome.webdriver.WebDriver (session="37273bfb18ee57a964df8fcf85745785")>]
[2019-05-05 15:28:52,253 loginit.py info line:41 INFO:] [测试URL：http://www.baidu.com]
[2019-05-05 15:28:52,362 loginit.py info line:41 INFO:] [设置窗口最大化]
[2019-05-05 15:28:55,366 loginit.py info line:41 INFO:] [testloginBaiDu方法开始]
[2019-05-05 15:28:55,367 loginit.py info line:41 INFO:] [初始化定位函数]
[2019-05-05 15:28:55,437 loginit.py info line:41 INFO:] [发现元素：kw]
[2019-05-05 15:28:55,864 loginit.py info line:41 INFO:] [输入内容：123456789]
[2019-05-05 15:28:59,866 loginit.py info line:41 INFO:] [执行完成，退出线程]
[2019-05-05 15:29:01,801 loginit.py info line:41 INFO:] [谷歌浏览器初始化完成:<selenium.webdriver.chrome.webdriver.WebDriver (session="4b9d3250e63acc9f4710dc6bdfd22c88")>]
[2019-05-05 15:29:06,042 loginit.py info line:41 INFO:] [测试URL：https://www.zhipin.com/]
[2019-05-05 15:29:06,160 loginit.py info line:41 INFO:] [设置窗口最大化]
[2019-05-05 15:29:10,890 loginit.py info line:41 INFO:] [谷歌浏览器初始化完成:<selenium.webdriver.chrome.webdriver.WebDriver (session="91c39f688b67ac45bd8bc4eafe8d33f1")>]
[2019-05-05 15:29:14,986 loginit.py info line:41 INFO:] [测试URL：https://www.zhipin.com/]
[2019-05-05 15:29:15,099 loginit.py info line:41 INFO:] [设置窗口最大化]
[2019-05-05 15:29:18,103 loginit.py info line:41 INFO:] [初始化定位函数]
[2019-05-05 15:29:20,073 loginit.py info line:41 INFO:] [发现元素：query]
[2019-05-05 15:29:21,960 loginit.py info line:41 INFO:] [发现元素：//*[@class='search-form ']/form/button]
[2019-05-05 15:29:24,966 loginit.py info line:41 INFO:] [发现元素：//*[@class='condition-box']/dl[1]/dd/a[4]]
[2019-05-05 15:29:29,319 loginit.py info line:41 INFO:] [发现元素：//*[@class='ipt']]
[2019-05-05 15:29:33,072 loginit.py info line:41 INFO:] [发现元素：//*[@class='filter-select-box']/div[1]//ul[1]/li[5]/a]
[2019-05-05 15:29:36,269 loginit.py info line:41 INFO:] [发现元素：//*[@id='filter-box']/div/div[4]/div[2]/span/input]
[2019-05-05 15:29:40,368 loginit.py info line:41 INFO:] [发现元素：//*[@class='filter-select-box']/div[2]/span[1]/div[1]/ul[1]/li[5]/a]
[2019-05-05 15:29:42,883 loginit.py info line:41 INFO:] [发现元素：//*[@class='filter-select-box']/div[3]//input]
[2019-05-05 15:29:47,416 loginit.py info line:41 INFO:] [发现元素：//*[@class='filter-select-box']/div[3]/span[1]/div[1]/ul/li[5]/a]
[2019-05-05 15:29:54,572 loginit.py info line:41 INFO:] [发现元素：//*[@class='filter-select-box']/div[4]/span/input[1]]
[2019-05-05 15:29:57,083 loginit.py info line:41 INFO:] [发现元素：//*[@id='filter-box']/div/div[4]/div[4]/span/div/ul/li[1]/a]
[2019-05-05 15:30:01,417 loginit.py info line:41 INFO:] [发现元素：//*[@class='filter-select-box']/div[5]/span[1]/input[1]]
[2019-05-05 15:30:06,235 loginit.py info line:41 INFO:] [发现元素：//*[@class='filter-select-box']/div[5]/span[1]/div[1]/ul[1]/li[1]/a]
[2019-05-05 15:34:33,247 loginit.py info line:41 INFO:] [谷歌浏览器初始化完成:<selenium.webdriver.chrome.webdriver.WebDriver (session="6564a8cd90a3f7df931e12cef24c07fa")>]
[2019-05-05 15:34:35,253 loginit.py info line:41 INFO:] [测试URL：http://www.baidu.com]
[2019-05-05 15:34:35,361 loginit.py info line:41 INFO:] [设置窗口最大化]
[2019-05-05 15:34:38,364 loginit.py info line:41 INFO:] [testloginBaiDu方法开始]
[2019-05-05 15:34:38,365 loginit.py info line:41 INFO:] [初始化定位函数]
[2019-05-05 15:34:38,434 loginit.py info line:41 INFO:] [发现元素：kw]
[2019-05-05 15:34:38,847 loginit.py info line:41 INFO:] [输入内容：123456789]
[2019-05-05 15:34:42,853 loginit.py info line:41 INFO:] [执行完成，退出线程]
[2019-05-05 15:34:44,597 loginit.py info line:41 INFO:] [谷歌浏览器初始化完成:<selenium.webdriver.chrome.webdriver.WebDriver (session="ab5d0078e9ca81c8b64a5dec4c05733e")>]
[2019-05-05 15:34:50,266 loginit.py info line:41 INFO:] [测试URL：https://www.zhipin.com/]
[2019-05-05 15:34:50,374 loginit.py info line:41 INFO:] [设置窗口最大化]
[2019-05-05 15:34:55,115 loginit.py info line:41 INFO:] [谷歌浏览器初始化完成:<selenium.webdriver.chrome.webdriver.WebDriver (session="ef24d905429479e8c8be0a86b041efc1")>]
[2019-05-05 15:34:59,405 loginit.py info line:41 INFO:] [测试URL：https://www.zhipin.com/]
[2019-05-05 15:34:59,518 loginit.py info line:41 INFO:] [设置窗口最大化]
[2019-05-05 15:35:02,522 loginit.py info line:41 INFO:] [初始化定位函数]
[2019-05-05 15:35:04,497 loginit.py info line:41 INFO:] [发现元素：query]
[2019-05-05 15:35:06,459 loginit.py info line:41 INFO:] [发现元素：//*[@class='search-form ']/form/button]
[2019-05-05 15:35:09,445 loginit.py info line:41 INFO:] [发现元素：//*[@class='condition-box']/dl[1]/dd/a[4]]
[2019-05-05 15:35:13,902 loginit.py info line:41 INFO:] [发现元素：//*[@class='ipt']]
[2019-05-05 15:35:17,969 loginit.py info line:41 INFO:] [发现元素：//*[@class='filter-select-box']/div[1]//ul[1]/li[5]/a]
[2019-05-05 15:35:21,279 loginit.py info line:41 INFO:] [发现元素：//*[@id='filter-box']/div/div[4]/div[2]/span/input]
[2019-05-05 15:35:25,147 loginit.py info line:41 INFO:] [发现元素：//*[@class='filter-select-box']/div[2]/span[1]/div[1]/ul[1]/li[5]/a]
[2019-05-05 15:35:28,245 loginit.py info line:41 INFO:] [发现元素：//*[@class='filter-select-box']/div[3]//input]
[2019-05-05 15:35:32,661 loginit.py info line:41 INFO:] [发现元素：//*[@class='filter-select-box']/div[3]/span[1]/div[1]/ul/li[5]/a]
[2019-05-05 15:35:39,597 loginit.py info line:41 INFO:] [发现元素：//*[@class='filter-select-box']/div[4]/span/input[1]]
[2019-05-05 15:35:42,217 loginit.py info line:41 INFO:] [发现元素：//*[@id='filter-box']/div/div[4]/div[4]/span/div/ul/li[1]/a]
[2019-05-05 15:35:45,746 loginit.py info line:41 INFO:] [发现元素：//*[@class='filter-select-box']/div[5]/span[1]/input[1]]
[2019-05-05 15:35:50,669 loginit.py info line:41 INFO:] [发现元素：//*[@class='filter-select-box']/div[5]/span[1]/div[1]/ul[1]/li[1]/a]
[2019-05-05 15:42:48,391 loginit.py info line:41 INFO:] [谷歌浏览器初始化完成:<selenium.webdriver.chrome.webdriver.WebDriver (session="5a30a7b8707283176e56befc748a50e7")>]
[2019-05-05 15:42:50,415 loginit.py info line:41 INFO:] [测试URL：http://www.baidu.com]
[2019-05-05 15:42:50,523 loginit.py info line:41 INFO:] [设置窗口最大化]
[2019-05-05 15:42:53,527 loginit.py info line:41 INFO:] [testloginBaiDu方法开始]
[2019-05-05 15:42:53,528 loginit.py info line:41 INFO:] [初始化定位函数]
[2019-05-05 15:42:53,595 loginit.py info line:41 INFO:] [发现元素：kw]
[2019-05-05 15:42:53,991 loginit.py info line:41 INFO:] [输入内容：123456789]
[2019-05-05 15:42:57,996 loginit.py info line:41 INFO:] [执行完成，退出线程]
[2019-05-05 15:42:59,735 loginit.py info line:41 INFO:] [谷歌浏览器初始化完成:<selenium.webdriver.chrome.webdriver.WebDriver (session="1f185e930c97eb9b39454dd7d8962eb6")>]
[2019-05-05 15:43:03,809 loginit.py info line:41 INFO:] [测试URL：https://www.zhipin.com/]
[2019-05-05 15:43:03,915 loginit.py info line:41 INFO:] [设置窗口最大化]
[2019-05-05 15:43:08,608 loginit.py info line:41 INFO:] [谷歌浏览器初始化完成:<selenium.webdriver.chrome.webdriver.WebDriver (session="cc87acee530dab00be315cf0cc661671")>]
[2019-05-05 15:43:12,908 loginit.py info line:41 INFO:] [测试URL：https://www.zhipin.com/]
[2019-05-05 15:43:13,015 loginit.py info line:41 INFO:] [设置窗口最大化]
[2019-05-05 15:43:16,020 loginit.py info line:41 INFO:] [初始化定位函数]
[2019-05-05 15:43:17,992 loginit.py info line:41 INFO:] [发现元素：query]
[2019-05-05 15:43:19,880 loginit.py info line:41 INFO:] [发现元素：//*[@class='search-form ']/form/button]
[2019-05-05 15:43:23,894 loginit.py info line:41 INFO:] [发现元素：//*[@class='condition-box']/dl[1]/dd/a[4]]
[2019-05-05 15:43:28,793 loginit.py info line:41 INFO:] [发现元素：//*[@class='ipt']]
[2019-05-05 15:43:32,838 loginit.py info line:41 INFO:] [发现元素：//*[@class='filter-select-box']/div[1]//ul[1]/li[5]/a]
[2019-05-05 15:43:35,957 loginit.py info line:41 INFO:] [发现元素：//*[@id='filter-box']/div/div[4]/div[2]/span/input]
[2019-05-05 15:43:40,822 loginit.py info line:41 INFO:] [发现元素：//*[@class='filter-select-box']/div[2]/span[1]/div[1]/ul[1]/li[5]/a]
[2019-05-05 15:43:43,825 loginit.py info line:41 INFO:] [发现元素：//*[@class='filter-select-box']/div[3]//input]
[2019-05-05 15:43:47,310 loginit.py info line:41 INFO:] [发现元素：//*[@class='filter-select-box']/div[3]/span[1]/div[1]/ul/li[5]/a]
[2019-05-05 15:43:54,195 loginit.py info line:41 INFO:] [发现元素：//*[@class='filter-select-box']/div[4]/span/input[1]]
[2019-05-05 15:43:56,889 loginit.py info line:41 INFO:] [发现元素：//*[@id='filter-box']/div/div[4]/div[4]/span/div/ul/li[1]/a]
[2019-05-05 15:44:00,585 loginit.py info line:41 INFO:] [发现元素：//*[@class='filter-select-box']/div[5]/span[1]/input[1]]
[2019-05-05 15:44:05,496 loginit.py info line:41 INFO:] [发现元素：//*[@class='filter-select-box']/div[5]/span[1]/div[1]/ul[1]/li[1]/a]
