[2019-04-29 12:51:53,885 loginit.py info line:41 INFO:] [谷歌浏览器初始化完成:<selenium.webdriver.chrome.webdriver.WebDriver (session="fb89353db9d17237de4a6807bd9fc572")>]
[2019-04-29 12:51:56,320 loginit.py info line:41 INFO:] [测试URL：https://www.zhipin.com/]
[2019-04-29 12:51:57,444 loginit.py info line:41 INFO:] [设置窗口最大化]
[2019-04-29 12:52:00,446 loginit.py info line:41 INFO:] [初始化定位函数]
[2019-04-29 12:52:00,498 loginit.py info line:41 INFO:] [发现元素：query]
[2019-04-29 12:52:01,772 loginit.py info line:41 INFO:] [初始化定位函数]
[2019-04-29 12:52:01,826 loginit.py info line:41 INFO:] [发现元素：//*[@class='search-form ']/form/button]
[2019-04-29 12:52:03,819 loginit.py info line:41 INFO:] [初始化定位函数]
[2019-04-29 12:52:03,878 loginit.py info line:41 INFO:] [发现元素：//*[@class='condition-box']/dl[1]/dd/a[4]]
[2019-04-29 12:52:05,667 loginit.py info line:41 INFO:] [初始化定位函数]
[2019-04-29 12:52:05,749 loginit.py info line:41 INFO:] [发现元素：//*[@class='ipt']]
[2019-04-29 12:52:06,913 loginit.py info line:41 INFO:] [初始化定位函数]
[2019-04-29 12:52:06,967 loginit.py info line:41 INFO:] [发现元素：//*[@class='filter-select-box']/div[1]//ul[1]/li[5]/a]
[2019-04-29 12:53:05,176 loginit.py info line:41 INFO:] [谷歌浏览器初始化完成:<selenium.webdriver.chrome.webdriver.WebDriver (session="2c26139e7b99146841d731f454cd478a")>]
[2019-04-29 12:53:07,188 loginit.py info line:41 INFO:] [测试URL：https://www.zhipin.com/]
[2019-04-29 12:53:08,298 loginit.py info line:41 INFO:] [设置窗口最大化]
[2019-04-29 12:53:11,301 loginit.py info line:41 INFO:] [初始化定位函数]
[2019-04-29 12:53:11,351 loginit.py info line:41 INFO:] [发现元素：query]
[2019-04-29 12:53:12,738 loginit.py info line:41 INFO:] [初始化定位函数]
[2019-04-29 12:53:12,787 loginit.py info line:41 INFO:] [发现元素：//*[@class='search-form ']/form/button]
[2019-04-29 12:53:14,532 loginit.py info line:41 INFO:] [初始化定位函数]
[2019-04-29 12:53:14,603 loginit.py info line:41 INFO:] [发现元素：//*[@class='condition-box']/dl[1]/dd/a[4]]
[2019-04-29 12:53:16,402 loginit.py info line:41 INFO:] [初始化定位函数]
[2019-04-29 12:53:16,474 loginit.py info line:41 INFO:] [发现元素：//*[@class='ipt']]
[2019-04-29 12:53:17,634 loginit.py info line:41 INFO:] [初始化定位函数]
[2019-04-29 12:53:17,691 loginit.py info line:41 INFO:] [发现元素：//*[@class='filter-select-box']/div[1]//ul[1]/li[5]/a]
[2019-04-29 12:53:19,260 loginit.py info line:41 INFO:] [初始化定位函数]
[2019-04-29 12:53:19,331 loginit.py info line:41 INFO:] [发现元素：//*[@id='filter-box']/div/div[4]/div[2]/span/input]
[2019-04-29 12:53:20,510 loginit.py info line:41 INFO:] [初始化定位函数]
[2019-04-29 12:53:20,564 loginit.py info line:41 INFO:] [发现元素：//*[@class='filter-select-box']/div[2]/span[1]/div[1]/ul[1]/li[5]/a]
[2019-04-29 12:53:22,074 loginit.py info line:41 INFO:] [初始化定位函数]
[2019-04-29 12:53:22,141 loginit.py info line:41 INFO:] [发现元素：//*[@class='filter-select-box']/div[3]//input]
[2019-04-29 12:53:22,795 loginit.py info line:41 INFO:] [初始化定位函数]
[2019-04-29 12:53:22,853 loginit.py info line:41 INFO:] [发现元素：//*[@class='filter-select-box']/div[3]/span[1]/div[1]/ul/li[5]/a]
[2019-04-29 12:54:00,566 loginit.py info line:41 INFO:] [谷歌浏览器初始化完成:<selenium.webdriver.chrome.webdriver.WebDriver (session="6f0f910394085e2964b01f49fff112b0")>]
[2019-04-29 12:54:01,533 loginit.py info line:41 INFO:] [测试URL：http://www.baidu.com]
[2019-04-29 12:54:02,691 loginit.py info line:41 INFO:] [设置窗口最大化]
[2019-04-29 12:54:05,698 loginit.py info line:41 INFO:] [testloginBaiDu方法开始]
[2019-04-29 12:54:05,700 loginit.py info line:41 INFO:] [初始化定位函数]
[2019-04-29 12:54:05,716 loginit.py info line:41 INFO:] [发现元素：kw]
[2019-04-29 12:54:05,897 loginit.py info line:41 INFO:] [输入内容：123456789]
[2019-04-29 12:54:09,909 loginit.py info line:41 INFO:] [执行完成，退出线程]
[2019-04-29 12:54:17,685 loginit.py info line:41 INFO:] [谷歌浏览器初始化完成:<selenium.webdriver.chrome.webdriver.WebDriver (session="e94e391be50c98f80573fe745c934b4f")>]
[2019-04-29 12:54:19,223 loginit.py info line:41 INFO:] [测试URL：https://www.zhipin.com/]
[2019-04-29 12:54:20,337 loginit.py info line:41 INFO:] [设置窗口最大化]
[2019-04-29 12:54:35,193 loginit.py info line:41 INFO:] [谷歌浏览器初始化完成:<selenium.webdriver.chrome.webdriver.WebDriver (session="e0aec5dccdc41154fc28cca7a736d84e")>]
[2019-04-29 12:54:36,764 loginit.py info line:41 INFO:] [测试URL：https://www.zhipin.com/]
[2019-04-29 12:54:37,875 loginit.py info line:41 INFO:] [设置窗口最大化]
[2019-04-29 12:54:40,878 loginit.py info line:41 INFO:] [初始化定位函数]
[2019-04-29 12:54:40,921 loginit.py info line:41 INFO:] [发现元素：query]
[2019-04-29 12:54:42,215 loginit.py info line:41 INFO:] [初始化定位函数]
[2019-04-29 12:54:42,265 loginit.py info line:41 INFO:] [发现元素：//*[@class='search-form ']/form/button]
[2019-04-29 12:54:43,968 loginit.py info line:41 INFO:] [初始化定位函数]
[2019-04-29 12:54:44,034 loginit.py info line:41 INFO:] [发现元素：//*[@class='condition-box']/dl[1]/dd/a[4]]
[2019-04-29 12:54:45,805 loginit.py info line:41 INFO:] [初始化定位函数]
[2019-04-29 12:54:45,870 loginit.py info line:41 INFO:] [发现元素：//*[@class='ipt']]
[2019-04-29 12:54:47,031 loginit.py info line:41 INFO:] [初始化定位函数]
[2019-04-29 12:54:47,080 loginit.py info line:41 INFO:] [发现元素：//*[@class='filter-select-box']/div[1]//ul[1]/li[5]/a]
[2019-04-29 12:54:48,589 loginit.py info line:41 INFO:] [初始化定位函数]
[2019-04-29 12:54:48,654 loginit.py info line:41 INFO:] [发现元素：//*[@id='filter-box']/div/div[4]/div[2]/span/input]
[2019-04-29 12:54:49,830 loginit.py info line:41 INFO:] [初始化定位函数]
[2019-04-29 12:54:49,894 loginit.py info line:41 INFO:] [发现元素：//*[@class='filter-select-box']/div[2]/span[1]/div[1]/ul[1]/li[5]/a]
[2019-04-29 12:54:51,342 loginit.py info line:41 INFO:] [初始化定位函数]
[2019-04-29 12:54:51,399 loginit.py info line:41 INFO:] [发现元素：//*[@class='filter-select-box']/div[3]//input]
[2019-04-29 12:54:52,049 loginit.py info line:41 INFO:] [初始化定位函数]
[2019-04-29 12:54:52,101 loginit.py info line:41 INFO:] [发现元素：//*[@class='filter-select-box']/div[3]/span[1]/div[1]/ul/li[5]/a]
[2019-04-29 12:56:55,195 loginit.py info line:41 INFO:] [谷歌浏览器初始化完成:<selenium.webdriver.chrome.webdriver.WebDriver (session="c997a9c333c562b2f17036eb76dc4790")>]
[2019-04-29 12:56:56,161 loginit.py info line:41 INFO:] [测试URL：http://www.baidu.com]
[2019-04-29 12:56:57,284 loginit.py info line:41 INFO:] [设置窗口最大化]
[2019-04-29 12:57:00,285 loginit.py info line:41 INFO:] [testloginBaiDu方法开始]
[2019-04-29 12:57:00,288 loginit.py info line:41 INFO:] [初始化定位函数]
[2019-04-29 12:57:00,319 loginit.py info line:41 INFO:] [发现元素：kw]
[2019-04-29 12:57:00,482 loginit.py info line:41 INFO:] [输入内容：123456789]
[2019-04-29 12:57:04,482 loginit.py info line:41 INFO:] [执行完成，退出线程]
[2019-04-29 12:57:12,159 loginit.py info line:41 INFO:] [谷歌浏览器初始化完成:<selenium.webdriver.chrome.webdriver.WebDriver (session="216c00da40d2c606bd317dcc437ed9cd")>]
[2019-04-29 12:57:14,112 loginit.py info line:41 INFO:] [测试URL：https://www.zhipin.com/]
[2019-04-29 12:57:15,235 loginit.py info line:41 INFO:] [设置窗口最大化]
[2019-04-29 12:57:29,907 loginit.py info line:41 INFO:] [谷歌浏览器初始化完成:<selenium.webdriver.chrome.webdriver.WebDriver (session="a817b4a2699e3857c86a8e528c2c90ac")>]
[2019-04-29 12:57:31,422 loginit.py info line:41 INFO:] [测试URL：https://www.zhipin.com/]
[2019-04-29 12:57:32,543 loginit.py info line:41 INFO:] [设置窗口最大化]
[2019-04-29 12:57:35,545 loginit.py info line:41 INFO:] [初始化定位函数]
[2019-04-29 12:57:35,587 loginit.py info line:41 INFO:] [发现元素：query]
[2019-04-29 12:57:36,879 loginit.py info line:41 INFO:] [初始化定位函数]
[2019-04-29 12:57:36,925 loginit.py info line:41 INFO:] [发现元素：//*[@class='search-form ']/form/button]
[2019-04-29 12:57:38,669 loginit.py info line:41 INFO:] [初始化定位函数]
[2019-04-29 12:57:38,732 loginit.py info line:41 INFO:] [发现元素：//*[@class='condition-box']/dl[1]/dd/a[4]]
[2019-04-29 12:57:40,520 loginit.py info line:41 INFO:] [初始化定位函数]
[2019-04-29 12:57:40,584 loginit.py info line:41 INFO:] [发现元素：//*[@class='ipt']]
[2019-04-29 12:57:41,749 loginit.py info line:41 INFO:] [初始化定位函数]
[2019-04-29 12:57:41,804 loginit.py info line:41 INFO:] [发现元素：//*[@class='filter-select-box']/div[1]//ul[1]/li[5]/a]
[2019-04-29 12:57:43,322 loginit.py info line:41 INFO:] [初始化定位函数]
[2019-04-29 12:57:43,386 loginit.py info line:41 INFO:] [发现元素：//*[@id='filter-box']/div/div[4]/div[2]/span/input]
[2019-04-29 12:57:44,553 loginit.py info line:41 INFO:] [初始化定位函数]
[2019-04-29 12:57:44,608 loginit.py info line:41 INFO:] [发现元素：//*[@class='filter-select-box']/div[2]/span[1]/div[1]/ul[1]/li[5]/a]
[2019-04-29 12:57:46,044 loginit.py info line:41 INFO:] [初始化定位函数]
[2019-04-29 12:57:46,106 loginit.py info line:41 INFO:] [发现元素：//*[@class='filter-select-box']/div[3]//input]
[2019-04-29 12:57:46,749 loginit.py info line:41 INFO:] [初始化定位函数]
[2019-04-29 12:57:46,811 loginit.py info line:41 INFO:] [发现元素：//*[@class='filter-select-box']/div[3]/span[1]/div[1]/ul/li[5]/a]
