[2019-05-04 21:51:40,553 loginit.py info line:41 INFO:] [testloginBaiDu方法开始]
[2019-05-04 21:51:40,554 loginit.py info line:41 INFO:] [初始化定位函数]
[2019-05-04 21:51:40,555 loginit.py info line:41 INFO:] [元素不存在：kw]
[2019-05-04 21:51:40,555 loginit.py info line:41 INFO:] [执行完成，退出线程]
[2019-05-04 21:53:48,690 loginit.py info line:41 INFO:] [初始化定位函数]
[2019-05-04 21:53:48,690 loginit.py info line:41 INFO:] [元素不存在：query]
[2019-05-04 22:35:22,248 loginit.py info line:41 INFO:] [谷歌浏览器初始化完成:<selenium.webdriver.chrome.webdriver.WebDriver (session="8d65911460f37828c89d0e7680ab0505")>]
[2019-05-04 22:35:24,545 loginit.py info line:41 INFO:] [测试URL：http://www.baidu.com]
[2019-05-04 22:35:24,669 loginit.py info line:41 INFO:] [设置窗口最大化]
[2019-05-04 22:35:27,674 loginit.py info line:41 INFO:] [testloginBaiDu方法开始]
[2019-05-04 22:35:27,675 loginit.py info line:41 INFO:] [初始化定位函数]
[2019-05-04 22:35:27,752 loginit.py info line:41 INFO:] [发现元素：kw]
[2019-05-04 22:35:28,173 loginit.py info line:41 INFO:] [输入内容：123456789]
[2019-05-04 22:35:32,177 loginit.py info line:41 INFO:] [执行完成，退出线程]
[2019-05-04 22:35:33,911 loginit.py info line:41 INFO:] [谷歌浏览器初始化完成:<selenium.webdriver.chrome.webdriver.WebDriver (session="20e2d154bd240588e75de004f7bf18a9")>]
[2019-05-04 22:35:38,657 loginit.py info line:41 INFO:] [测试URL：https://www.zhipin.com/]
[2019-05-04 22:35:38,772 loginit.py info line:41 INFO:] [设置窗口最大化]
[2019-05-04 22:35:43,510 loginit.py info line:41 INFO:] [谷歌浏览器初始化完成:<selenium.webdriver.chrome.webdriver.WebDriver (session="20c6f62e87452bfb50cbb4269f08df58")>]
[2019-05-04 22:35:48,092 loginit.py info line:41 INFO:] [测试URL：https://www.zhipin.com/]
[2019-05-04 22:35:48,199 loginit.py info line:41 INFO:] [设置窗口最大化]
[2019-05-04 22:35:51,202 loginit.py info line:41 INFO:] [初始化定位函数]
[2019-05-04 22:35:53,313 loginit.py info line:41 INFO:] [发现元素：query]
[2019-05-04 22:35:55,121 loginit.py info line:41 INFO:] [初始化定位函数]
[2019-05-04 22:35:55,257 loginit.py info line:41 INFO:] [发现元素：//*[@class='search-form ']/form/button]
[2019-05-04 22:35:58,910 loginit.py info line:41 INFO:] [初始化定位函数]
[2019-05-04 22:35:59,113 loginit.py info line:41 INFO:] [发现元素：//*[@class='condition-box']/dl[1]/dd/a[4]]
[2019-05-04 22:36:03,565 loginit.py info line:41 INFO:] [初始化定位函数]
[2019-05-04 22:36:03,844 loginit.py info line:41 INFO:] [发现元素：//*[@class='ipt']]
[2019-05-04 22:36:05,514 loginit.py info line:41 INFO:] [初始化定位函数]
[2019-05-04 22:36:07,903 loginit.py info line:41 INFO:] [发现元素：//*[@class='filter-select-box']/div[1]//ul[1]/li[5]/a]
[2019-05-04 22:36:10,874 loginit.py info line:41 INFO:] [初始化定位函数]
[2019-05-04 22:36:11,089 loginit.py info line:41 INFO:] [发现元素：//*[@id='filter-box']/div/div[4]/div[2]/span/input]
[2019-05-04 22:36:12,692 loginit.py info line:41 INFO:] [初始化定位函数]
[2019-05-04 22:36:15,579 loginit.py info line:41 INFO:] [发现元素：//*[@class='filter-select-box']/div[2]/span[1]/div[1]/ul[1]/li[5]/a]
[2019-05-04 22:36:18,296 loginit.py info line:41 INFO:] [初始化定位函数]
[2019-05-04 22:36:18,518 loginit.py info line:41 INFO:] [发现元素：//*[@class='filter-select-box']/div[3]//input]
[2019-05-04 22:36:19,631 loginit.py info line:41 INFO:] [初始化定位函数]
[2019-05-04 22:36:22,050 loginit.py info line:41 INFO:] [发现元素：//*[@class='filter-select-box']/div[3]/span[1]/div[1]/ul/li[5]/a]
[2019-05-04 23:08:13,987 loginit.py info line:41 INFO:] [谷歌浏览器初始化完成:<selenium.webdriver.chrome.webdriver.WebDriver (session="c5de473ddf88437a838cfea7f37ca77e")>]
[2019-05-04 23:08:16,102 loginit.py info line:41 INFO:] [测试URL：http://www.baidu.com]
[2019-05-04 23:08:16,213 loginit.py info line:41 INFO:] [设置窗口最大化]
[2019-05-04 23:08:19,216 loginit.py info line:41 INFO:] [testloginBaiDu方法开始]
[2019-05-04 23:08:19,217 loginit.py info line:41 INFO:] [初始化定位函数]
[2019-05-04 23:08:19,294 loginit.py info line:41 INFO:] [发现元素：kw]
[2019-05-04 23:08:19,715 loginit.py info line:41 INFO:] [输入内容：123456789]
[2019-05-04 23:08:23,719 loginit.py info line:41 INFO:] [执行完成，退出线程]
[2019-05-04 23:08:25,456 loginit.py info line:41 INFO:] [谷歌浏览器初始化完成:<selenium.webdriver.chrome.webdriver.WebDriver (session="9331254e910465ed4ba7f81456b9c8b0")>]
[2019-05-04 23:08:29,421 loginit.py info line:41 INFO:] [测试URL：https://www.zhipin.com/]
[2019-05-04 23:08:29,529 loginit.py info line:41 INFO:] [设置窗口最大化]
[2019-05-04 23:08:34,255 loginit.py info line:41 INFO:] [谷歌浏览器初始化完成:<selenium.webdriver.chrome.webdriver.WebDriver (session="3810dd90f4fbacab1ec2d1536bd82443")>]
[2019-05-04 23:08:38,926 loginit.py info line:41 INFO:] [测试URL：https://www.zhipin.com/]
[2019-05-04 23:08:39,037 loginit.py info line:41 INFO:] [设置窗口最大化]
[2019-05-04 23:08:42,041 loginit.py info line:41 INFO:] [初始化定位函数]
[2019-05-04 23:08:43,819 loginit.py info line:41 INFO:] [发现元素：query]
[2019-05-04 23:08:45,677 loginit.py info line:41 INFO:] [初始化定位函数]
[2019-05-04 23:08:45,757 loginit.py info line:41 INFO:] [发现元素：//*[@class='search-form ']/form/button]
[2019-05-04 23:08:49,080 loginit.py info line:41 INFO:] [初始化定位函数]
[2019-05-04 23:08:49,327 loginit.py info line:41 INFO:] [发现元素：//*[@class='condition-box']/dl[1]/dd/a[4]]
[2019-05-04 23:08:53,656 loginit.py info line:41 INFO:] [初始化定位函数]
[2019-05-04 23:08:53,936 loginit.py info line:41 INFO:] [发现元素：//*[@class='ipt']]
[2019-05-04 23:08:55,553 loginit.py info line:41 INFO:] [初始化定位函数]
[2019-05-04 23:08:57,743 loginit.py info line:41 INFO:] [发现元素：//*[@class='filter-select-box']/div[1]//ul[1]/li[5]/a]
[2019-05-04 23:09:00,787 loginit.py info line:41 INFO:] [初始化定位函数]
[2019-05-04 23:09:01,078 loginit.py info line:41 INFO:] [发现元素：//*[@id='filter-box']/div/div[4]/div[2]/span/input]
[2019-05-04 23:09:02,806 loginit.py info line:41 INFO:] [初始化定位函数]
[2019-05-04 23:09:05,389 loginit.py info line:41 INFO:] [发现元素：//*[@class='filter-select-box']/div[2]/span[1]/div[1]/ul[1]/li[5]/a]
[2019-05-04 23:09:07,980 loginit.py info line:41 INFO:] [初始化定位函数]
[2019-05-04 23:09:08,204 loginit.py info line:41 INFO:] [发现元素：//*[@class='filter-select-box']/div[3]//input]
[2019-05-04 23:09:09,325 loginit.py info line:41 INFO:] [初始化定位函数]
[2019-05-04 23:09:11,700 loginit.py info line:41 INFO:] [发现元素：//*[@class='filter-select-box']/div[3]/span[1]/div[1]/ul/li[5]/a]
[2019-05-04 23:37:35,401 loginit.py info line:41 INFO:] [谷歌浏览器初始化完成:<selenium.webdriver.chrome.webdriver.WebDriver (session="1fe9585950ab3e9a30140970a51168a6")>]
[2019-05-04 23:37:37,483 loginit.py info line:41 INFO:] [测试URL：http://www.baidu.com]
[2019-05-04 23:37:37,591 loginit.py info line:41 INFO:] [设置窗口最大化]
[2019-05-04 23:37:40,595 loginit.py info line:41 INFO:] [testloginBaiDu方法开始]
[2019-05-04 23:37:40,596 loginit.py info line:41 INFO:] [初始化定位函数]
[2019-05-04 23:37:40,668 loginit.py info line:41 INFO:] [发现元素：kw]
[2019-05-04 23:37:41,071 loginit.py info line:41 INFO:] [输入内容：123456789]
[2019-05-04 23:37:45,076 loginit.py info line:41 INFO:] [执行完成，退出线程]
[2019-05-04 23:37:46,784 loginit.py info line:41 INFO:] [谷歌浏览器初始化完成:<selenium.webdriver.chrome.webdriver.WebDriver (session="6755e2fd361f77ebc8c581f467c79d10")>]
[2019-05-04 23:37:51,038 loginit.py info line:41 INFO:] [测试URL：https://www.zhipin.com/]
[2019-05-04 23:37:51,161 loginit.py info line:41 INFO:] [设置窗口最大化]
[2019-05-04 23:37:55,941 loginit.py info line:41 INFO:] [谷歌浏览器初始化完成:<selenium.webdriver.chrome.webdriver.WebDriver (session="28b2faeb3ee091733cd666b573bff3c6")>]
[2019-05-04 23:38:01,166 loginit.py info line:41 INFO:] [测试URL：https://www.zhipin.com/]
[2019-05-04 23:38:01,281 loginit.py info line:41 INFO:] [设置窗口最大化]
[2019-05-04 23:38:04,283 loginit.py info line:41 INFO:] [初始化定位函数]
[2019-05-04 23:38:05,531 loginit.py info line:41 INFO:] [发现元素：query]
[2019-05-04 23:38:07,288 loginit.py info line:41 INFO:] [初始化定位函数]
[2019-05-04 23:38:07,411 loginit.py info line:41 INFO:] [发现元素：//*[@class='search-form ']/form/button]
[2019-05-04 23:38:10,005 loginit.py info line:41 INFO:] [初始化定位函数]
[2019-05-04 23:38:10,257 loginit.py info line:41 INFO:] [发现元素：//*[@class='condition-box']/dl[1]/dd/a[4]]
[2019-05-04 23:38:14,415 loginit.py info line:41 INFO:] [初始化定位函数]
[2019-05-04 23:38:14,660 loginit.py info line:41 INFO:] [发现元素：//*[@class='ipt']]
[2019-05-04 23:38:16,220 loginit.py info line:41 INFO:] [初始化定位函数]
[2019-05-04 23:38:18,655 loginit.py info line:41 INFO:] [发现元素：//*[@class='filter-select-box']/div[1]//ul[1]/li[5]/a]
[2019-05-04 23:38:21,593 loginit.py info line:41 INFO:] [初始化定位函数]
[2019-05-04 23:38:21,864 loginit.py info line:41 INFO:] [发现元素：//*[@id='filter-box']/div/div[4]/div[2]/span/input]
[2019-05-04 23:38:23,587 loginit.py info line:41 INFO:] [初始化定位函数]
[2019-05-04 23:38:25,882 loginit.py info line:41 INFO:] [发现元素：//*[@class='filter-select-box']/div[2]/span[1]/div[1]/ul[1]/li[5]/a]
[2019-05-04 23:38:28,709 loginit.py info line:41 INFO:] [初始化定位函数]
[2019-05-04 23:38:28,991 loginit.py info line:41 INFO:] [发现元素：//*[@class='filter-select-box']/div[3]//input]
[2019-05-04 23:38:30,171 loginit.py info line:41 INFO:] [初始化定位函数]
[2019-05-04 23:38:32,965 loginit.py info line:41 INFO:] [发现元素：//*[@class='filter-select-box']/div[3]/span[1]/div[1]/ul/li[5]/a]
[2019-05-04 23:41:34,421 loginit.py info line:41 INFO:] [谷歌浏览器初始化完成:<selenium.webdriver.chrome.webdriver.WebDriver (session="9d1ad56c807230db65c3ba905b364616")>]
[2019-05-04 23:41:36,435 loginit.py info line:41 INFO:] [测试URL：http://www.baidu.com]
[2019-05-04 23:41:36,544 loginit.py info line:41 INFO:] [设置窗口最大化]
[2019-05-04 23:41:39,548 loginit.py info line:41 INFO:] [testloginBaiDu方法开始]
[2019-05-04 23:41:39,549 loginit.py info line:41 INFO:] [初始化定位函数]
[2019-05-04 23:41:39,621 loginit.py info line:41 INFO:] [发现元素：kw]
[2019-05-04 23:41:39,868 loginit.py info line:41 INFO:] [输入内容：123456789]
[2019-05-04 23:41:43,873 loginit.py info line:41 INFO:] [执行完成，退出线程]
[2019-05-04 23:41:45,551 loginit.py info line:41 INFO:] [谷歌浏览器初始化完成:<selenium.webdriver.chrome.webdriver.WebDriver (session="928835565a0736b55bee8c00659dca6a")>]
[2019-05-04 23:41:50,199 loginit.py info line:41 INFO:] [测试URL：https://www.zhipin.com/]
[2019-05-04 23:41:50,331 loginit.py info line:41 INFO:] [设置窗口最大化]
[2019-05-04 23:41:55,056 loginit.py info line:41 INFO:] [谷歌浏览器初始化完成:<selenium.webdriver.chrome.webdriver.WebDriver (session="43c860e6a7754866af2964649a366093")>]
[2019-05-04 23:42:03,904 loginit.py info line:41 INFO:] [测试URL：https://www.zhipin.com/]
[2019-05-04 23:42:04,010 loginit.py info line:41 INFO:] [设置窗口最大化]
[2019-05-04 23:42:07,014 loginit.py info line:41 INFO:] [初始化定位函数]
[2019-05-04 23:42:07,136 loginit.py info line:41 INFO:] [发现元素：query]
[2019-05-04 23:42:08,830 loginit.py info line:41 INFO:] [初始化定位函数]
[2019-05-04 23:42:08,926 loginit.py info line:41 INFO:] [发现元素：//*[@class='search-form ']/form/button]
[2019-05-04 23:42:12,275 loginit.py info line:41 INFO:] [初始化定位函数]
[2019-05-04 23:42:12,493 loginit.py info line:41 INFO:] [发现元素：//*[@class='condition-box']/dl[1]/dd/a[4]]
[2019-05-04 23:42:16,791 loginit.py info line:41 INFO:] [初始化定位函数]
[2019-05-04 23:42:17,074 loginit.py info line:41 INFO:] [发现元素：//*[@class='ipt']]
[2019-05-04 23:42:18,858 loginit.py info line:41 INFO:] [初始化定位函数]
[2019-05-04 23:42:21,272 loginit.py info line:41 INFO:] [发现元素：//*[@class='filter-select-box']/div[1]//ul[1]/li[5]/a]
[2019-05-04 23:42:24,067 loginit.py info line:41 INFO:] [初始化定位函数]
[2019-05-04 23:42:24,302 loginit.py info line:41 INFO:] [发现元素：//*[@id='filter-box']/div/div[4]/div[2]/span/input]
[2019-05-04 23:42:25,887 loginit.py info line:41 INFO:] [初始化定位函数]
[2019-05-04 23:42:28,106 loginit.py info line:41 INFO:] [发现元素：//*[@class='filter-select-box']/div[2]/span[1]/div[1]/ul[1]/li[5]/a]
[2019-05-04 23:42:30,969 loginit.py info line:41 INFO:] [初始化定位函数]
[2019-05-04 23:42:31,270 loginit.py info line:41 INFO:] [发现元素：//*[@class='filter-select-box']/div[3]//input]
[2019-05-04 23:42:32,375 loginit.py info line:41 INFO:] [初始化定位函数]
[2019-05-04 23:42:35,416 loginit.py info line:41 INFO:] [发现元素：//*[@class='filter-select-box']/div[3]/span[1]/div[1]/ul/li[5]/a]
