[2019-04-26 12:24:08,239 loginit.py info line:41 INFO:] [谷歌浏览器初始化完成:<selenium.webdriver.chrome.webdriver.WebDriver (session="baf03ed83117565289124ce96d3c7ab4")>]
[2019-04-26 12:24:09,878 loginit.py info line:41 INFO:] [测试URL：https://www.zhipin.com/]
[2019-04-26 12:24:10,996 loginit.py info line:41 INFO:] [设置窗口最大化]
[2019-04-26 12:24:38,825 loginit.py info line:41 INFO:] [谷歌浏览器初始化完成:<selenium.webdriver.chrome.webdriver.WebDriver (session="a6e56b18eb03bf8eeb07692d47477bf2")>]
[2019-04-26 12:24:40,004 loginit.py info line:41 INFO:] [测试URL：https://www.zhipin.com/]
[2019-04-26 12:24:41,124 loginit.py info line:41 INFO:] [设置窗口最大化]
[2019-04-26 12:24:44,127 loginit.py info line:41 INFO:] [初始化定位函数]
[2019-04-26 12:24:44,176 loginit.py info line:41 INFO:] [发现元素：//*[@class='btns']/a[5]]
[2019-04-26 12:28:23,762 loginit.py info line:41 INFO:] [谷歌浏览器初始化完成:<selenium.webdriver.chrome.webdriver.WebDriver (session="15854010e8fb115cab604fbd09c6c3fc")>]
[2019-04-26 12:28:25,647 loginit.py info line:41 INFO:] [测试URL：https://www.zhipin.com/]
[2019-04-26 12:28:26,762 loginit.py info line:41 INFO:] [设置窗口最大化]
[2019-04-26 12:29:02,704 loginit.py info line:41 INFO:] [谷歌浏览器初始化完成:<selenium.webdriver.chrome.webdriver.WebDriver (session="6647e7c0e0ec1b7b7dba5fe26a06e2de")>]
[2019-04-26 12:29:04,475 loginit.py info line:41 INFO:] [测试URL：https://www.zhipin.com/]
[2019-04-26 12:29:05,604 loginit.py info line:41 INFO:] [设置窗口最大化]
[2019-04-26 12:29:08,608 loginit.py info line:41 INFO:] [初始化定位函数]
[2019-04-26 12:29:08,655 loginit.py info line:41 INFO:] [发现元素：query]
[2019-04-26 12:29:28,469 loginit.py info line:41 INFO:] [谷歌浏览器初始化完成:<selenium.webdriver.chrome.webdriver.WebDriver (session="4a2cb2dd4242144f6bbd7b4550930876")>]
[2019-04-26 12:29:29,944 loginit.py info line:41 INFO:] [测试URL：https://www.zhipin.com/]
[2019-04-26 12:29:31,059 loginit.py info line:41 INFO:] [设置窗口最大化]
[2019-04-26 12:29:34,062 loginit.py info line:41 INFO:] [初始化定位函数]
[2019-04-26 12:29:34,105 loginit.py info line:41 INFO:] [发现元素：query]
[2019-04-26 12:45:36,543 loginit.py info line:41 INFO:] [谷歌浏览器初始化完成:<selenium.webdriver.chrome.webdriver.WebDriver (session="e4b8897956382db7aedd8c384809f276")>]
[2019-04-26 12:45:38,122 loginit.py info line:41 INFO:] [测试URL：https://www.zhipin.com/]
[2019-04-26 12:45:39,235 loginit.py info line:41 INFO:] [设置窗口最大化]
[2019-04-26 12:45:42,237 loginit.py info line:41 INFO:] [初始化定位函数]
[2019-04-26 12:45:42,282 loginit.py info line:41 INFO:] [发现元素：query]
[2019-04-26 12:45:43,630 loginit.py info line:41 INFO:] [初始化定位函数]
[2019-04-26 12:45:43,681 loginit.py info line:41 INFO:] [发现元素：//*[@class='search-form ']/form/button]
[2019-04-26 12:45:45,446 loginit.py info line:41 INFO:] [初始化定位函数]
[2019-04-26 12:45:45,522 loginit.py info line:41 INFO:] [发现元素：//*[@class='condition-box']/dl[1]/dd/a[4]]
[2019-04-26 12:46:08,127 loginit.py info line:41 INFO:] [谷歌浏览器初始化完成:<selenium.webdriver.chrome.webdriver.WebDriver (session="2ac17b0270a62969a270af194d03113d")>]
[2019-04-26 12:46:09,751 loginit.py info line:41 INFO:] [测试URL：https://www.zhipin.com/]
[2019-04-26 12:46:10,866 loginit.py info line:41 INFO:] [设置窗口最大化]
[2019-04-26 12:46:13,869 loginit.py info line:41 INFO:] [初始化定位函数]
[2019-04-26 12:46:13,911 loginit.py info line:41 INFO:] [发现元素：query]
[2019-04-26 12:46:15,252 loginit.py info line:41 INFO:] [初始化定位函数]
[2019-04-26 12:46:15,306 loginit.py info line:41 INFO:] [发现元素：//*[@class='search-form ']/form/button]
[2019-04-26 12:46:17,058 loginit.py info line:41 INFO:] [初始化定位函数]
[2019-04-26 12:46:17,132 loginit.py info line:41 INFO:] [发现元素：//*[@class='condition-box']/dl[1]/dd/a[4]]
[2019-04-26 12:46:18,937 loginit.py info line:41 INFO:] [初始化定位函数]
[2019-04-26 12:46:19,005 loginit.py info line:41 INFO:] [发现元素：//*[@class='ipt']]
[2019-04-26 12:46:20,170 loginit.py info line:41 INFO:] [初始化定位函数]
[2019-04-26 12:46:20,223 loginit.py info line:41 INFO:] [发现元素：//*[@class='filter-select-box']/div[1]//ul[1]/li[5]/a]
[2019-04-26 13:07:01,599 loginit.py info line:41 INFO:] [谷歌浏览器初始化完成:<selenium.webdriver.chrome.webdriver.WebDriver (session="3ccb6ab6697d4e8baa007a9d971c6ed3")>]
[2019-04-26 13:07:03,483 loginit.py info line:41 INFO:] [测试URL：https://www.zhipin.com/]
[2019-04-26 13:07:04,598 loginit.py info line:41 INFO:] [设置窗口最大化]
[2019-04-26 13:07:07,601 loginit.py info line:41 INFO:] [初始化定位函数]
[2019-04-26 13:07:07,646 loginit.py info line:41 INFO:] [发现元素：query]
[2019-04-26 13:07:08,975 loginit.py info line:41 INFO:] [初始化定位函数]
[2019-04-26 13:07:09,036 loginit.py info line:41 INFO:] [发现元素：//*[@class='search-form ']/form/button]
[2019-04-26 13:07:10,779 loginit.py info line:41 INFO:] [初始化定位函数]
[2019-04-26 13:07:10,837 loginit.py info line:41 INFO:] [发现元素：//*[@class='condition-box']/dl[1]/dd/a[4]]
[2019-04-26 13:07:12,640 loginit.py info line:41 INFO:] [初始化定位函数]
[2019-04-26 13:07:12,712 loginit.py info line:41 INFO:] [发现元素：//*[@class='ipt']]
[2019-04-26 13:07:13,880 loginit.py info line:41 INFO:] [初始化定位函数]
[2019-04-26 13:07:13,937 loginit.py info line:41 INFO:] [发现元素：//*[@class='filter-select-box']/div[1]//ul[1]/li[5]/a]
[2019-04-26 13:07:17,464 loginit.py info line:41 INFO:] [初始化定位函数]
[2019-04-26 13:07:17,527 loginit.py info line:41 INFO:] [发现元素：//*[@id='filter-box']/div/div[4]/div[2]/span/input]
[2019-04-26 13:07:19,093 loginit.py info line:41 INFO:] [初始化定位函数]
[2019-04-26 13:07:19,147 loginit.py info line:41 INFO:] [发现元素：//*[@class='filter-select-box']/div[2]/span[1]/div[1]/ul[1]/li[5]/a]
[2019-04-26 13:07:20,660 loginit.py info line:41 INFO:] [初始化定位函数]
[2019-04-26 13:07:20,718 loginit.py info line:41 INFO:] [发现元素：//*[@class='filter-select-box']/div[3]//input]
[2019-04-26 13:07:21,420 loginit.py info line:41 INFO:] [初始化定位函数]
[2019-04-26 13:07:21,458 loginit.py info line:41 INFO:] [元素不存在：//*[@class='filter-select-box']/div[3]//div[2]/ul/li[5]/a]
[2019-04-26 13:09:59,978 loginit.py info line:41 INFO:] [谷歌浏览器初始化完成:<selenium.webdriver.chrome.webdriver.WebDriver (session="479cf770a2ae9235bc86029509bc83b6")>]
[2019-04-26 13:10:01,531 loginit.py info line:41 INFO:] [测试URL：https://www.zhipin.com/]
[2019-04-26 13:10:02,648 loginit.py info line:41 INFO:] [设置窗口最大化]
[2019-04-26 13:10:05,651 loginit.py info line:41 INFO:] [初始化定位函数]
[2019-04-26 13:10:05,698 loginit.py info line:41 INFO:] [发现元素：query]
[2019-04-26 13:10:07,022 loginit.py info line:41 INFO:] [初始化定位函数]
[2019-04-26 13:10:07,074 loginit.py info line:41 INFO:] [发现元素：//*[@class='search-form ']/form/button]
[2019-04-26 13:10:08,865 loginit.py info line:41 INFO:] [初始化定位函数]
[2019-04-26 13:10:08,932 loginit.py info line:41 INFO:] [发现元素：//*[@class='condition-box']/dl[1]/dd/a[4]]
[2019-04-26 13:10:10,745 loginit.py info line:41 INFO:] [初始化定位函数]
[2019-04-26 13:10:10,812 loginit.py info line:41 INFO:] [发现元素：//*[@class='ipt']]
[2019-04-26 13:10:11,978 loginit.py info line:41 INFO:] [初始化定位函数]
[2019-04-26 13:10:12,041 loginit.py info line:41 INFO:] [发现元素：//*[@class='filter-select-box']/div[1]//ul[1]/li[5]/a]
[2019-04-26 13:10:15,596 loginit.py info line:41 INFO:] [初始化定位函数]
[2019-04-26 13:10:15,664 loginit.py info line:41 INFO:] [发现元素：//*[@id='filter-box']/div/div[4]/div[2]/span/input]
[2019-04-26 13:10:17,269 loginit.py info line:41 INFO:] [初始化定位函数]
[2019-04-26 13:10:17,324 loginit.py info line:41 INFO:] [发现元素：//*[@class='filter-select-box']/div[2]/span[1]/div[1]/ul[1]/li[5]/a]
[2019-04-26 13:10:18,844 loginit.py info line:41 INFO:] [初始化定位函数]
[2019-04-26 13:10:18,912 loginit.py info line:41 INFO:] [发现元素：//*[@class='filter-select-box']/div[3]//input]
[2019-04-26 13:10:19,585 loginit.py info line:41 INFO:] [初始化定位函数]
[2019-04-26 13:10:19,664 loginit.py info line:41 INFO:] [发现元素：//*[@class='filter-select-box']/div[3]/span[1]/div[1]/ul/li[5]/a]
